d:\.laboratoare3\pg laborator\proiect1\proiect1\x64\debug\vc143.pdb
d:\.laboratoare3\pg laborator\proiect1\proiect1\x64\debug\vc143.idb
d:\.laboratoare3\pg laborator\proiect1\proiect1\x64\debug\window.obj
d:\.laboratoare3\pg laborator\proiect1\proiect1\x64\debug\tiny_obj_loader.obj
d:\.laboratoare3\pg laborator\proiect1\proiect1\x64\debug\stb_image.obj
d:\.laboratoare3\pg laborator\proiect1\proiect1\x64\debug\shader.obj
d:\.laboratoare3\pg laborator\proiect1\proiect1\x64\debug\model3d.obj
d:\.laboratoare3\pg laborator\proiect1\proiect1\x64\debug\mesh.obj
d:\.laboratoare3\pg laborator\proiect1\proiect1\x64\debug\main.obj
d:\.laboratoare3\pg laborator\proiect1\proiect1\x64\debug\camera.obj
d:\.laboratoare3\pg laborator\proiect1\proiect1\x64\debug\skybox.obj
d:\.laboratoare3\pg laborator\proiect1\x64\debug\proiect1.exe
d:\.laboratoare3\pg laborator\proiect1\proiect1\x64\debug\proiect1.ilk
d:\.laboratoare3\pg laborator\proiect1\x64\debug\proiect1.pdb
d:\.laboratoare3\pg laborator\proiect1\proiect1\x64\debug\proiect1.tlog\cl.command.1.tlog
d:\.laboratoare3\pg laborator\proiect1\proiect1\x64\debug\proiect1.tlog\cl.read.1.tlog
d:\.laboratoare3\pg laborator\proiect1\proiect1\x64\debug\proiect1.tlog\cl.write.1.tlog
d:\.laboratoare3\pg laborator\proiect1\proiect1\x64\debug\proiect1.tlog\link.command.1.tlog
d:\.laboratoare3\pg laborator\proiect1\proiect1\x64\debug\proiect1.tlog\link.read.1.tlog
d:\.laboratoare3\pg laborator\proiect1\proiect1\x64\debug\proiect1.tlog\link.write.1.tlog
